<?xml version="1.0" encoding="UTF-8"?>
<!-- Generated by org.testng.reporters.JUnitXMLReporter -->
<testsuite hostname="DESKTOP-7UGN18I" ignored="0" name="Default test" tests="3" failures="0" timestamp="25 Jul 2017 18:26:37 GMT" time="1.029" errors="0">
  <testcase name="testFileContentReader" time="0.006" classname="com.assgnmnt.app.util.FileReaderTest"/>
  <testcase name="testFileContentReaderWithoutContentMetadata" time="0.004" classname="com.assgnmnt.app.util.FileReaderTest"/>
  <testcase name="testFindMaximumSatisfationWithinTime" time="0.148" classname="com.assgnmnt.app.util.SatisfactionDeterminatorTest"/>
</testsuite> <!-- Default test -->
